Saved hg38 GC stats → basedist_and_gc_outputs/hg38_gc_stats.tsv
Saved dm6 GC stats → basedist_and_gc_outputs/dm6_gc_stats.tsv
Saved sac3 GC stats → basedist_and_gc_outputs/sac3_gc_stats.tsv
Combined GC stats → basedist_and_gc_outputs/all_gc_stats_combined.tsv


==========================
 QC REPORT
==========================

----------------------------------
Sample: HelaS3_0sync_100inter_1_H3K9ac_3
----------------------------------
  GC ratio (hg38): 1.119
  GC ratio (dm6): 1.040
  GC ratio (sac3): 1.009
  Spike-in/target ratio: within acceptable range
  dm6 Normalization factor: 0.427
  sac3 Normalization factor: 0.462
  dual Normalization factor: 0.445
  Spike-in normalization factors in similar range

----------------------------------
Sample: HelaS3_100sync_0inter_1_H3K9ac_1
----------------------------------
  GC ratio (hg38): 1.086
  GC ratio (dm6): 1.044
  GC ratio (sac3): 1.007
  Spike-in/target ratio: within acceptable range
  dm6 Normalization factor: 1.471
  sac3 Normalization factor: 1.456
  dual Normalization factor: 1.463
  Spike-in normalization factors in similar range

----------------------------------
Sample: HelaS3_100sync_0inter_1_H3K9ac_2
----------------------------------
  GC ratio (hg38): 1.091
  GC ratio (dm6): 1.049
  GC ratio (sac3): 1.010
  Spike-in/target ratio: within acceptable range
  dm6 Normalization factor: 1.417
  sac3 Normalization factor: 1.439
  dual Normalization factor: 1.428
  Spike-in normalization factors in similar range

----------------------------------
Sample: HelaS3_0sync_100inter_1_H3K9ac_1
----------------------------------
  GC ratio (hg38): 1.077
  GC ratio (dm6): 1.036
  GC ratio (sac3): 1.009
  Spike-in/target ratio: within acceptable range
  dm6 Normalization factor: 0.305
  sac3 Normalization factor: 0.334
  dual Normalization factor: 0.319
  Spike-in normalization factors in similar range

----------------------------------
Sample: HelaS3_0sync_100inter_1_input_1
----------------------------------
  GC ratio (hg38): 0.965 ---> GC content acceptable
  GC ratio (dm6): 1.004 ---> GC content acceptable
  GC ratio (sac3): 1.001 ---> GC content acceptable
  Spike-in/target ratio: within acceptable range
  dm6 Normalization factor: nan
  sac3 Normalization factor: nan
  dual Normalization factor: nan

----------------------------------
Sample: HelaS3_100sync_0inter_1_H3K9ac_3
----------------------------------
  GC ratio (hg38): 1.126
  GC ratio (dm6): 1.048
  GC ratio (sac3): 1.010
  Spike-in/target ratio: within acceptable range
  dm6 Normalization factor: 1.872
  sac3 Normalization factor: 1.826
  dual Normalization factor: 1.849
  Spike-in normalization factors in similar range

----------------------------------
Sample: HelaS3_0sync_100inter_1_H3K9ac_2
----------------------------------
  GC ratio (hg38): 1.132
  GC ratio (dm6): 1.044
  GC ratio (sac3): 1.009
  Spike-in/target ratio: within acceptable range
  dm6 Normalization factor: 0.456
  sac3 Normalization factor: 0.441
  dual Normalization factor: 0.448
  Spike-in normalization factors in similar range

----------------------------------
Sample: HelaS3_100sync_0inter_1_input_1
----------------------------------
  GC ratio (hg38): 0.972 ---> GC content acceptable
  GC ratio (dm6): 1.006 ---> GC content acceptable
  GC ratio (sac3): 1.002 ---> GC content acceptable
  Spike-in/target ratio: within acceptable range
  dm6 Normalization factor: nan
  sac3 Normalization factor: nan
  dual Normalization factor: nan
